<?xml version='1.0' encoding='UTF-8'?>
<testsuite hostname="LAPTOP-FETDL5H3" name="lambdaTimeIntervalPresentTests" tests="6" errors="0" failures="0" skipped="0" time="0.031" timestamp="2022-11-01T10:01:24">
          <properties>
[...]
</properties>
          <testcase classname="lambdaTimeIntervalPresentTests" name="lambda function that checks time interval logic should given a a time it should exist partially within the known interval" time="0.02">
                      
                    </testcase><testcase classname="lambdaTimeIntervalPresentTests" name="lambda function that checks time interval logic should given a a time that completely exists within the known interval" time="0.001">
                      
                    </testcase><testcase classname="lambdaTimeIntervalPresentTests" name="lambda function that checks time interval logic should given a a time that completely does not exists within the known interval" time="0.001">
                      
                    </testcase><testcase classname="lambdaTimeIntervalPresentTests" name="lambda function that checks time interval logic should splitting log entries must have expected length in timestamps" time="0.003">
                      
                    </testcase><testcase classname="lambdaTimeIntervalPresentTests" name="lambda function that checks time interval logic should splitting for the generated string at the end of a log entry should not cause an exception" time="0.001">
                      
                    </testcase><testcase classname="lambdaTimeIntervalPresentTests" name="lambda function that checks time interval logic should splitting for the generated string on a log that has the regex pattern in the generated string should be found" time="0.005">
                      
                    </testcase>
          <system-out><![CDATA[]]></system-out>
          <system-err><![CDATA[]]></system-err>
        </testsuite>